2021-05-01 17:15:42,497 - root - INFO - Launching habmapslib parser with the next configuration:
2021-05-01 17:15:42,556 - root - INFO - {'basestation': {'id': 'HABANTENA01', 'appenders': {'gpsappender': {'file': '/data/hab_antena/logs/gpsdata.log', 'regexselect': '\\[.*\\]\\|(.*)\\|(.*),(.*)\\|.*\\|', 'mapping': ['height', 'lat', 'lon']}}}, 'mqtt': {'url': 'localhost', 'topic': 'hablistener', 'port': 1883, 'user': 'habmaps', 'password': 'root', 'alive': 60}, 'frame': {'format': '$time|AlturaGPS|$pos|VelocidadHorizontalGPS|Temperatura|Presion|AlturaBarometrica|$id|', 'file': '/data/hab_antena/logs/recivedData.log', 'refresh': 1}}
2021-05-01 17:15:42,595 - root - INFO - Checking configs ...
2021-05-01 17:15:42,610 - root - ERROR - ==> Please create the file: /data/hab_antena/logs/recivedData.log
2021-05-01 17:15:42,628 - root - ERROR - [Errno 2] No such file or directory: '/data/hab_antena/logs/recivedData.log'
2021-05-01 17:15:42,648 - root - ERROR - Please check that all files exist ...
2021-05-01 17:15:47,666 - root - ERROR - ==> Please create the file: /data/hab_antena/logs/recivedData.log
2021-05-01 17:15:47,678 - root - ERROR - [Errno 2] No such file or directory: '/data/hab_antena/logs/recivedData.log'
2021-05-01 17:15:47,680 - root - ERROR - Please check that all files exist ...
2021-05-01 17:15:52,689 - root - ERROR - ==> Please create the file: /data/hab_antena/logs/recivedData.log
2021-05-01 17:15:52,702 - root - ERROR - [Errno 2] No such file or directory: '/data/hab_antena/logs/recivedData.log'
2021-05-01 17:15:52,704 - root - ERROR - Please check that all files exist ...
2021-05-01 17:15:57,709 - root - ERROR - ==> Please create the file: /data/hab_antena/logs/recivedData.log
2021-05-01 17:15:57,718 - root - ERROR - [Errno 2] No such file or directory: '/data/hab_antena/logs/recivedData.log'
2021-05-01 17:15:57,720 - root - ERROR - Please check that all files exist ...
2021-05-01 17:16:02,729 - root - ERROR - ==> Please create the file: /data/hab_antena/logs/recivedData.log
2021-05-01 17:16:02,738 - root - ERROR - [Errno 2] No such file or directory: '/data/hab_antena/logs/recivedData.log'
2021-05-01 17:16:02,740 - root - ERROR - Please check that all files exist ...
2021-05-01 17:16:07,749 - root - ERROR - ==> Please create the file: /data/hab_antena/logs/recivedData.log
2021-05-01 17:16:07,770 - root - ERROR - [Errno 2] No such file or directory: '/data/hab_antena/logs/recivedData.log'
2021-05-01 17:16:07,772 - root - ERROR - Please check that all files exist ...
2021-05-01 17:16:12,779 - root - ERROR - ==> Please create the file: /data/hab_antena/logs/recivedData.log
2021-05-01 17:16:12,794 - root - ERROR - [Errno 2] No such file or directory: '/data/hab_antena/logs/recivedData.log'
2021-05-01 17:16:12,796 - root - ERROR - Please check that all files exist ...
2021-05-01 17:16:17,809 - root - ERROR - ==> Please create the file: /data/hab_antena/logs/recivedData.log
2021-05-01 17:16:17,818 - root - ERROR - [Errno 2] No such file or directory: '/data/hab_antena/logs/recivedData.log'
2021-05-01 17:16:17,820 - root - ERROR - Please check that all files exist ...
2021-05-01 17:16:22,858 - root - ERROR - ==> Please create the file: /data/hab_antena/logs/recivedData.log
2021-05-01 17:16:22,879 - root - ERROR - [Errno 2] No such file or directory: '/data/hab_antena/logs/recivedData.log'
2021-05-01 17:16:22,890 - root - ERROR - Please check that all files exist ...
2021-05-01 17:16:27,919 - root - ERROR - ==> Please create the file: /data/hab_antena/logs/recivedData.log
2021-05-01 17:16:27,928 - root - ERROR - [Errno 2] No such file or directory: '/data/hab_antena/logs/recivedData.log'
2021-05-01 17:16:27,930 - root - ERROR - Please check that all files exist ...
2021-05-01 17:16:32,939 - root - ERROR - ==> Please create the file: /data/hab_antena/logs/recivedData.log
2021-05-01 17:16:32,948 - root - ERROR - [Errno 2] No such file or directory: '/data/hab_antena/logs/recivedData.log'
2021-05-01 17:16:32,950 - root - ERROR - Please check that all files exist ...
2021-05-01 17:16:37,959 - root - ERROR - ==> Please create the file: /data/hab_antena/logs/recivedData.log
2021-05-01 17:16:37,979 - root - ERROR - [Errno 2] No such file or directory: '/data/hab_antena/logs/recivedData.log'
2021-05-01 17:16:37,988 - root - ERROR - Please check that all files exist ...
2021-05-01 17:16:43,007 - root - ERROR - ==> Please create the file: /data/hab_antena/logs/recivedData.log
2021-05-01 17:16:43,018 - root - ERROR - [Errno 2] No such file or directory: '/data/hab_antena/logs/recivedData.log'
2021-05-01 17:16:43,020 - root - ERROR - Please check that all files exist ...
2021-05-01 17:16:48,029 - root - ERROR - ==> Please create the file: /data/hab_antena/logs/recivedData.log
2021-05-01 17:16:48,038 - root - ERROR - [Errno 2] No such file or directory: '/data/hab_antena/logs/recivedData.log'
2021-05-01 17:16:48,040 - root - ERROR - Please check that all files exist ...
2021-05-01 17:16:53,049 - root - ERROR - ==> Please create the file: /data/hab_antena/logs/recivedData.log
2021-05-01 17:16:53,062 - root - ERROR - [Errno 2] No such file or directory: '/data/hab_antena/logs/recivedData.log'
2021-05-01 17:16:53,077 - root - ERROR - Please check that all files exist ...
2021-05-01 17:16:58,099 - root - ERROR - ==> Please create the file: /data/hab_antena/logs/recivedData.log
2021-05-01 17:16:58,109 - root - ERROR - [Errno 2] No such file or directory: '/data/hab_antena/logs/recivedData.log'
2021-05-01 17:16:58,123 - root - ERROR - Please check that all files exist ...
2021-05-01 17:17:03,155 - root - ERROR - ==> Please create the file: /data/hab_antena/logs/recivedData.log
2021-05-01 17:17:03,174 - root - ERROR - [Errno 2] No such file or directory: '/data/hab_antena/logs/recivedData.log'
2021-05-01 17:17:03,176 - root - ERROR - Please check that all files exist ...
2021-05-01 17:17:08,199 - root - ERROR - ==> Please create the file: /data/hab_antena/logs/recivedData.log
2021-05-01 17:17:08,208 - root - ERROR - [Errno 2] No such file or directory: '/data/hab_antena/logs/recivedData.log'
2021-05-01 17:17:08,234 - root - ERROR - Please check that all files exist ...
2021-05-01 17:17:13,240 - root - ERROR - ==> Please create the file: /data/hab_antena/logs/recivedData.log
2021-05-01 17:17:13,254 - root - ERROR - [Errno 2] No such file or directory: '/data/hab_antena/logs/recivedData.log'
2021-05-01 17:17:13,259 - root - ERROR - Please check that all files exist ...
2021-05-01 17:17:18,278 - root - ERROR - ==> Please create the file: /data/hab_antena/logs/recivedData.log
2021-05-01 17:17:18,288 - root - ERROR - [Errno 2] No such file or directory: '/data/hab_antena/logs/recivedData.log'
2021-05-01 17:17:18,295 - root - ERROR - Please check that all files exist ...
2021-05-01 17:17:23,299 - root - ERROR - ==> Please create the file: /data/hab_antena/logs/recivedData.log
2021-05-01 17:17:23,318 - root - ERROR - [Errno 2] No such file or directory: '/data/hab_antena/logs/recivedData.log'
2021-05-01 17:17:23,320 - root - ERROR - Please check that all files exist ...
2021-05-01 17:17:28,334 - root - ERROR - ==> Please create the file: /data/hab_antena/logs/recivedData.log
2021-05-01 17:17:28,345 - root - ERROR - [Errno 2] No such file or directory: '/data/hab_antena/logs/recivedData.log'
2021-05-01 17:17:28,358 - root - ERROR - Please check that all files exist ...
2021-05-01 17:17:33,369 - root - ERROR - ==> Please create the file: /data/hab_antena/logs/recivedData.log
2021-05-01 17:17:33,382 - root - ERROR - [Errno 2] No such file or directory: '/data/hab_antena/logs/recivedData.log'
2021-05-01 17:17:33,384 - root - ERROR - Please check that all files exist ...
2021-05-01 17:17:38,389 - root - ERROR - ==> Please create the file: /data/hab_antena/logs/recivedData.log
2021-05-01 17:17:38,403 - root - ERROR - [Errno 2] No such file or directory: '/data/hab_antena/logs/recivedData.log'
2021-05-01 17:17:38,406 - root - ERROR - Please check that all files exist ...
2021-05-01 17:17:43,425 - root - ERROR - ==> Please create the file: /data/hab_antena/logs/recivedData.log
2021-05-01 17:17:43,438 - root - ERROR - [Errno 2] No such file or directory: '/data/hab_antena/logs/recivedData.log'
2021-05-01 17:17:43,440 - root - ERROR - Please check that all files exist ...
2021-05-01 17:17:48,449 - root - ERROR - ==> Please create the file: /data/hab_antena/logs/recivedData.log
2021-05-01 17:17:48,458 - root - ERROR - [Errno 2] No such file or directory: '/data/hab_antena/logs/recivedData.log'
2021-05-01 17:17:48,460 - root - ERROR - Please check that all files exist ...
2021-05-01 17:17:53,469 - root - ERROR - ==> Please create the file: /data/hab_antena/logs/recivedData.log
2021-05-01 17:17:53,476 - root - ERROR - [Errno 2] No such file or directory: '/data/hab_antena/logs/recivedData.log'
2021-05-01 17:17:53,486 - root - ERROR - Please check that all files exist ...
