[2020-11-01 21:48:58][INFO][[ReciverService][Conf] Puerto USB RF: /dev/ttyUSB0]
[2020-11-01 21:48:58][INFO][[ReciverService][Conf] AntenaId: TRACKER01]
[2020-11-01 21:48:58][INFO][[ReciverService][Conf] Arrancando receptor...: /dev/ttyUSB0]
[2020-11-01 21:48:58][ERROR][[ReciverService][ERROR] argument must be an int, or have a fileno() method.]
[2020-11-01 21:49:03][ERROR][[ReciverService][ERROR] argument must be an int, or have a fileno() method.]
[2020-11-01 21:49:09][ERROR][[ReciverService][ERROR] argument must be an int, or have a fileno() method.]
[2020-11-01 22:00:37][INFO][[ReciverService][Conf] Puerto USB RF: /dev/ttyUSB0]
[2020-11-01 22:00:37][INFO][[ReciverService][Conf] AntenaId: TRACKER01]
[2020-11-01 22:00:37][INFO][[ReciverService][Conf] Arrancando receptor...: /dev/ttyUSB0]
[2020-11-01 22:00:37][ERROR][[ReciverService][ERROR] argument must be an int, or have a fileno() method.]
[2020-11-01 22:00:42][ERROR][[ReciverService][ERROR] argument must be an int, or have a fileno() method.]
[2020-11-01 22:00:47][ERROR][[ReciverService][ERROR] argument must be an int, or have a fileno() method.]
[2020-11-01 22:06:29][INFO][[ReciverService][Conf] Puerto USB RF: /dev/ttyUSB0]
[2020-11-01 22:06:29][INFO][[ReciverService][Conf] AntenaId: TRACKER01]
[2020-11-01 22:06:29][INFO][[ReciverService][Conf] Arrancando receptor...: /dev/ttyUSB0]
[2020-11-01 22:06:29][ERROR][[ReciverService][ERROR] argument must be an int, or have a fileno() method.]
[2020-11-01 22:06:34][ERROR][[ReciverService][ERROR] argument must be an int, or have a fileno() method.]
[2020-11-01 22:06:39][ERROR][[ReciverService][ERROR] argument must be an int, or have a fileno() method.]
[2020-11-01 22:06:44][ERROR][[ReciverService][ERROR] argument must be an int, or have a fileno() method.]
[2020-11-01 22:06:57][INFO][[ReciverService][Conf] Puerto USB RF: /dev/ttyUSB0]
[2020-11-01 22:06:57][INFO][[ReciverService][Conf] AntenaId: TRACKER01]
[2020-11-01 22:06:57][INFO][[ReciverService][Conf] Arrancando receptor...: /dev/ttyUSB0]
[2020-11-01 22:06:57][ERROR][[ReciverService][ERROR] argument must be an int, or have a fileno() method.]
[2020-11-01 22:07:02][ERROR][[ReciverService][ERROR] argument must be an int, or have a fileno() method.]
[2020-11-01 22:07:07][ERROR][[ReciverService][ERROR] argument must be an int, or have a fileno() method.]
[2020-11-01 22:07:12][ERROR][[ReciverService][ERROR] argument must be an int, or have a fileno() method.]
[2020-11-01 22:07:19][ERROR][[ReciverService][ERROR] argument must be an int, or have a fileno() method.]
[2020-11-01 22:07:24][ERROR][[ReciverService][ERROR] argument must be an int, or have a fileno() method.]
[2020-11-01 22:07:29][ERROR][[ReciverService][ERROR] argument must be an int, or have a fileno() method.]
[2020-11-01 22:07:34][ERROR][[ReciverService][ERROR] argument must be an int, or have a fileno() method.]
[2020-11-02 21:27:06][INFO][[ReciverService][Conf] Puerto USB RF: /dev/ttyUSB0]
[2020-11-02 21:27:06][INFO][[ReciverService][Conf] AntenaId: TRACKER01]
[2020-11-02 21:27:06][INFO][[ReciverService][Conf] Arrancando receptor...: /dev/ttyUSB0]
[2020-11-02 21:27:06][ERROR][[ReciverService][ERROR] argument must be an int, or have a fileno() method.]
[2020-11-02 21:27:11][ERROR][[ReciverService][ERROR] argument must be an int, or have a fileno() method.]
[2020-11-02 21:27:16][ERROR][[ReciverService][ERROR] argument must be an int, or have a fileno() method.]
[2020-11-02 21:27:21][ERROR][[ReciverService][ERROR] argument must be an int, or have a fileno() method.]
[2020-11-02 21:31:53][INFO][[ReciverService][Conf] Puerto USB RF: /dev/ttyUSB0]
[2020-11-02 21:31:53][INFO][[ReciverService][Conf] AntenaId: TRACKER01]
[2020-11-02 21:31:53][INFO][[ReciverService][Conf] Arrancando receptor...: /dev/ttyUSB0]
[2020-11-02 21:31:53][ERROR][[ReciverService][ERROR] argument must be an int, or have a fileno() method.]
[2020-11-02 21:31:58][ERROR][[ReciverService][ERROR] argument must be an int, or have a fileno() method.]
[2020-11-02 21:32:30][INFO][[ReciverService][Conf] Puerto USB RF: /dev/ttyUSB0]
[2020-11-02 21:32:30][INFO][[ReciverService][Conf] AntenaId: TRACKER01]
[2020-11-02 21:32:30][INFO][[ReciverService][Conf] Arrancando receptor...: /dev/ttyUSB0]
[2020-11-02 21:32:30][ERROR][[ReciverService][ERROR] argument must be an int, or have a fileno() method.]
[2020-11-02 21:32:35][ERROR][[ReciverService][ERROR] argument must be an int, or have a fileno() method.]
[2020-11-02 21:32:40][ERROR][[ReciverService][ERROR] argument must be an int, or have a fileno() method.]
[2020-11-02 21:38:25][INFO][[ReciverService][Conf] Puerto USB RF: /dev/ttyUSB0]
[2020-11-02 21:38:25][INFO][[ReciverService][Conf] AntenaId: TRACKER01]
[2020-11-02 21:38:25][INFO][[ReciverService][Conf] Arrancando receptor...: /dev/ttyUSB0]
[2020-11-02 21:38:25][ERROR][[ReciverService][ERROR] argument must be an int, or have a fileno() method.]
[2020-11-02 21:38:30][ERROR][[ReciverService][ERROR] argument must be an int, or have a fileno() method.]
[2020-11-02 21:38:35][ERROR][[ReciverService][ERROR] argument must be an int, or have a fileno() method.]
[2020-11-02 21:38:40][ERROR][[ReciverService][ERROR] argument must be an int, or have a fileno() method.]
[2020-11-02 21:38:45][ERROR][[ReciverService][ERROR] argument must be an int, or have a fileno() method.]
[2020-11-02 21:38:50][ERROR][[ReciverService][ERROR] argument must be an int, or have a fileno() method.]
[2020-11-02 21:38:55][ERROR][[ReciverService][ERROR] argument must be an int, or have a fileno() method.]
[2020-11-02 21:39:00][ERROR][[ReciverService][ERROR] argument must be an int, or have a fileno() method.]
[2020-11-02 21:39:05][ERROR][[ReciverService][ERROR] argument must be an int, or have a fileno() method.]
[2020-11-02 21:39:10][ERROR][[ReciverService][ERROR] argument must be an int, or have a fileno() method.]
[2020-11-02 21:39:15][ERROR][[ReciverService][ERROR] argument must be an int, or have a fileno() method.]
[2020-11-02 21:39:20][ERROR][[ReciverService][ERROR] argument must be an int, or have a fileno() method.]
[2020-11-02 21:39:25][ERROR][[ReciverService][ERROR] argument must be an int, or have a fileno() method.]
[2020-11-02 21:39:30][ERROR][[ReciverService][ERROR] argument must be an int, or have a fileno() method.]
[2020-11-02 21:39:35][ERROR][[ReciverService][ERROR] argument must be an int, or have a fileno() method.]
[2020-11-02 21:39:40][ERROR][[ReciverService][ERROR] argument must be an int, or have a fileno() method.]
[2020-11-02 21:39:45][ERROR][[ReciverService][ERROR] argument must be an int, or have a fileno() method.]
[2020-11-02 21:39:50][ERROR][[ReciverService][ERROR] argument must be an int, or have a fileno() method.]
[2020-11-02 21:39:55][ERROR][[ReciverService][ERROR] argument must be an int, or have a fileno() method.]
[2020-11-02 21:40:00][ERROR][[ReciverService][ERROR] argument must be an int, or have a fileno() method.]
[2020-11-02 21:40:05][ERROR][[ReciverService][ERROR] argument must be an int, or have a fileno() method.]
[2020-11-02 21:40:10][ERROR][[ReciverService][ERROR] argument must be an int, or have a fileno() method.]
[2020-11-02 21:40:15][ERROR][[ReciverService][ERROR] argument must be an int, or have a fileno() method.]
[2020-11-02 21:40:20][ERROR][[ReciverService][ERROR] argument must be an int, or have a fileno() method.]
[2020-11-02 21:40:25][ERROR][[ReciverService][ERROR] argument must be an int, or have a fileno() method.]
[2020-11-02 21:40:30][ERROR][[ReciverService][ERROR] argument must be an int, or have a fileno() method.]
[2020-11-02 21:40:35][ERROR][[ReciverService][ERROR] argument must be an int, or have a fileno() method.]
[2020-11-02 21:40:40][ERROR][[ReciverService][ERROR] argument must be an int, or have a fileno() method.]
[2020-11-02 21:40:45][ERROR][[ReciverService][ERROR] argument must be an int, or have a fileno() method.]
[2020-11-02 21:41:56][INFO][[ReciverService][Conf] Puerto USB RF: /dev/ttyUSB0]
[2020-11-02 21:41:56][INFO][[ReciverService][Conf] AntenaId: TRACKER01]
[2020-11-02 21:41:56][INFO][[ReciverService][Conf] Arrancando receptor...: /dev/ttyUSB0]
[2020-11-02 21:41:56][ERROR][[ReciverService][ERROR] argument must be an int, or have a fileno() method.]
[2020-11-02 21:42:01][ERROR][[ReciverService][ERROR] argument must be an int, or have a fileno() method.]
[2020-11-02 21:46:32][INFO][[ReciverService][Conf] Puerto USB RF: /dev/ttyUSB0]
[2020-11-02 21:46:32][INFO][[ReciverService][Conf] AntenaId: TRACKER01]
[2020-11-02 21:46:32][INFO][[ReciverService][Conf] Arrancando receptor...: /dev/ttyUSB0]
[2020-11-02 21:46:32][ERROR][[ReciverService][ERROR] argument must be an int, or have a fileno() method.]
[2020-11-02 21:46:37][ERROR][[ReciverService][ERROR] argument must be an int, or have a fileno() method.]
[2020-11-02 21:46:42][ERROR][[ReciverService][ERROR] argument must be an int, or have a fileno() method.]
[2020-11-02 21:46:47][ERROR][[ReciverService][ERROR] argument must be an int, or have a fileno() method.]
[2020-11-02 21:49:19][INFO][[ReciverService][Conf] Puerto USB RF: /dev/ttyUSB0]
[2020-11-02 21:49:19][INFO][[ReciverService][Conf] AntenaId: TRACKER01]
[2020-11-02 21:49:19][INFO][[ReciverService][Conf] Arrancando receptor...: /dev/ttyUSB0]
[2020-11-02 21:52:25][INFO][[ReciverService][Conf] Puerto USB RF: /dev/ttyUSB0]
[2020-11-02 21:52:25][INFO][[ReciverService][Conf] AntenaId: TRACKER01]
[2020-11-02 21:52:25][INFO][[ReciverService][Conf] Arrancando receptor...: /dev/ttyUSB0]
[2020-11-02 21:56:05][INFO][[ReciverService][Conf] Puerto USB RF: /dev/ttyUSB0]
[2020-11-02 21:56:05][INFO][[ReciverService][Conf] AntenaId: TRACKER01]
[2020-11-02 21:56:05][INFO][[ReciverService][Conf] Arrancando receptor...: /dev/ttyUSB0]
[2020-11-02 21:56:05][ERROR][[ReciverService][ERROR] 'Serial' object has no attribute 'inwaiting']
[2020-11-02 22:05:41][INFO][[ReciverService][Conf] Puerto USB RF: /dev/ttyUSB0]
[2020-11-02 22:05:41][INFO][[ReciverService][Conf] AntenaId: TRACKER01]
[2020-11-02 22:05:41][INFO][[ReciverService][Conf] Arrancando receptor...: /dev/ttyUSB0]
[2020-11-02 22:05:41][ERROR][[ReciverService][ERROR] '>' not supported between instances of 'method' and 'int']
[2020-11-02 22:05:46][ERROR][[ReciverService][ERROR] '>' not supported between instances of 'method' and 'int']
[2020-11-02 22:06:54][INFO][[ReciverService][Conf] Puerto USB RF: /dev/ttyUSB0]
[2020-11-02 22:06:54][INFO][[ReciverService][Conf] AntenaId: TRACKER01]
[2020-11-02 22:06:54][INFO][[ReciverService][Conf] Arrancando receptor...: /dev/ttyUSB0]
[2020-11-02 22:06:54][ERROR][[ReciverService][ERROR] 'int' object is not callable]
[2020-11-02 22:06:59][ERROR][[ReciverService][ERROR] argument must be an int, or have a fileno() method.]
[2020-11-02 22:08:22][INFO][[ReciverService][Conf] Puerto USB RF: /dev/ttyUSB0]
[2020-11-02 22:08:22][INFO][[ReciverService][Conf] AntenaId: TRACKER01]
[2020-11-02 22:08:22][INFO][[ReciverService][Conf] Arrancando receptor...: /dev/ttyUSB0]
[2020-11-02 22:08:22][ERROR][[ReciverService][ERROR] 'int' object is not callable]
[2020-11-02 22:08:28][ERROR][[ReciverService][ERROR] argument must be an int, or have a fileno() method.]
[2020-11-02 22:09:46][INFO][[ReciverService][Conf] Puerto USB RF: /dev/ttyUSB0]
[2020-11-02 22:09:46][INFO][[ReciverService][Conf] AntenaId: TRACKER01]
[2020-11-02 22:09:46][INFO][[ReciverService][Conf] Arrancando receptor...: /dev/ttyUSB0]
[2020-11-02 22:09:46][ERROR][[ReciverService][ERROR] argument must be an int, or have a fileno() method.]
[2020-11-02 22:09:51][ERROR][[ReciverService][ERROR] argument must be an int, or have a fileno() method.]
[2020-11-02 22:09:56][ERROR][[ReciverService][ERROR] argument must be an int, or have a fileno() method.]
[2020-11-02 22:49:01][INFO][[ReciverService][Conf] Puerto USB RF: /dev/ttyUSB0]
[2020-11-02 22:49:01][INFO][[ReciverService][Conf] AntenaId: TRACKER01]
[2020-11-02 22:49:01][INFO][[ReciverService][Conf] Arrancando receptor...: /dev/ttyUSB0]
[2020-11-02 22:49:01][ERROR][[ReciverService][ERROR] argument must be an int, or have a fileno() method.]
[2020-11-02 22:57:46][INFO][[ReciverService][Conf] Puerto USB RF: /dev/ttyUSB0]
[2020-11-02 22:57:46][INFO][[ReciverService][Conf] AntenaId: TRACKER01]
[2020-11-02 22:57:46][INFO][[ReciverService][Conf] Arrancando receptor...: /dev/ttyUSB0]
[2020-11-02 22:59:45][INFO][[ReciverService][Conf] Puerto USB RF: /dev/ttyUSB0]
[2020-11-02 22:59:45][INFO][[ReciverService][Conf] AntenaId: TRACKER01]
[2020-11-02 22:59:45][INFO][[ReciverService][Conf] Arrancando receptor...: /dev/ttyUSB0]
